<?xml version="1.0" encoding="UTF-8"?>
<!-- Generated by org.testng.reporters.JUnitReportReporter -->
<testsuite skipped="0" hostname="LAPTOP-5CFAC77E" name="demoproject.AppiumTest" tests="2" failures="0" timestamp="21 Dec 2019 11:32:10 GMT" time="0.008" errors="0">
  <testcase name="test3" time="0.008" classname="demoproject.AppiumTest"/>
  <testcase name="test4" time="0.000" classname="demoproject.AppiumTest"/>
</testsuite> <!-- demoproject.AppiumTest -->
