<?xml version="1.0" encoding="UTF-8"?>
<!-- Generated by org.testng.reporters.JUnitReportReporter -->
<testsuite skipped="0" hostname="LAPTOP-5CFAC77E" name="demoproject.SeleniumTest" tests="2" failures="0" timestamp="21 Dec 2019 11:32:10 GMT" time="0.000" errors="0">
  <testcase name="test2" time="0.000" classname="demoproject.SeleniumTest"/>
  <testcase name="test1" time="0.000" classname="demoproject.SeleniumTest"/>
</testsuite> <!-- demoproject.SeleniumTest -->
